<?xml version="1.0" encoding="UTF-8"?>
<!-- Generated by org.testng.reporters.JUnitReportReporter -->
<testsuite hostname="DESKTOP-73RFGMK" failures="0" tests="5" name="testCases.TC_003_LoginDDT" time="34.526" errors="0" timestamp="2023-08-15T14:46:30 IST" skipped="0">
  <testcase classname="testCases.TC_003_LoginDDT" name="logintest" time="10.666"/>
  <testcase classname="testCases.TC_003_LoginDDT" name="logintest" time="10.708"/>
  <testcase classname="testCases.TC_003_LoginDDT" name="logintest" time="1.256"/>
  <testcase classname="testCases.TC_003_LoginDDT" name="logintest" time="10.690"/>
  <testcase classname="testCases.TC_003_LoginDDT" name="logintest" time="1.206"/>
</testsuite> <!-- testCases.TC_003_LoginDDT -->
