<?xml version="1.0" encoding="UTF-8"?>
<!-- Generated by org.testng.reporters.JUnitReportReporter -->
<testsuite hostname="DESKTOP-73RFGMK" failures="0" tests="1" name="testCases.TC_002_LoginTest" time="1.266" errors="0" timestamp="2023-08-15T21:30:36 IST" skipped="0">
  <testcase classname="testCases.TC_002_LoginTest" name="logintest" time="1.266"/>
</testsuite> <!-- testCases.TC_002_LoginTest -->
