<?xml version="1.0" encoding="UTF-8"?>
<!-- Generated by org.testng.reporters.JUnitReportReporter -->
<testsuite hostname="DESKTOP-73RFGMK" failures="0" tests="1" name="testCases.TC_002_LoginTest" time="0.965" errors="0" timestamp="2023-08-16T09:07:16 IST" skipped="0">
  <testcase classname="testCases.TC_002_LoginTest" name="logintest" time="0.965"/>
</testsuite> <!-- testCases.TC_002_LoginTest -->
