<?xml version="1.0" encoding="UTF-8"?>
<!-- Generated by org.testng.reporters.JUnitReportReporter -->
<testsuite hostname="DESKTOP-73RFGMK" failures="0" tests="1" name="testCases.TC_001_AccountRegistration" time="1.339" errors="0" timestamp="2023-08-16T09:07:16 IST" skipped="0">
  <testcase classname="testCases.TC_001_AccountRegistration" name="Test_accountRegistration" time="1.339"/>
</testsuite> <!-- testCases.TC_001_AccountRegistration -->
